

Started GET "/" for ::1 at 2015-03-20 19:19:20 +0700
Processing by Rails::WelcomeController#index as HTML
  Rendered C:/RailsFTW420215/lib/ruby/gems/2.1.0/gems/railties-4.2.0/lib/rails/templates/rails/welcome/index.html.erb (3.0ms)
Completed 200 OK in 31ms (Views: 17.0ms | ActiveRecord: 0.0ms)


Started GET "/" for ::1 at 2015-03-20 19:25:02 +0700
Processing by ProductController#index as HTML
  Rendered product/index.html.erb within layouts/application (1.0ms)
Completed 200 OK in 642ms (Views: 641.0ms | ActiveRecord: 0.0ms)
  [1m[36m (57.0ms)[0m  [1mCREATE TABLE "schema_migrations" ("version" varchar NOT NULL) [0m
  [1m[35m (0.0ms)[0m  select sqlite_version(*)
  [1m[36m (49.0ms)[0m  [1mCREATE UNIQUE INDEX "unique_schema_migrations" ON "schema_migrations" ("version")[0m
  [1m[35mActiveRecord::SchemaMigration Load (0.0ms)[0m  SELECT "schema_migrations".* FROM "schema_migrations"
Migrating to CreatePosts (20150320123027)
  [1m[36m (0.0ms)[0m  [1mbegin transaction[0m
  [1m[35m (1.0ms)[0m  CREATE TABLE "posts" ("id" INTEGER PRIMARY KEY AUTOINCREMENT NOT NULL, "title" varchar, "body" text, "created_at" datetime NOT NULL, "updated_at" datetime NOT NULL) 
  [1m[36mSQL (0.0ms)[0m  [1mINSERT INTO "schema_migrations" ("version") VALUES (?)[0m  [["version", "20150320123027"]]
  [1m[35m (107.0ms)[0m  commit transaction
  [1m[36mActiveRecord::SchemaMigration Load (1.0ms)[0m  [1mSELECT "schema_migrations".* FROM "schema_migrations"[0m


Started GET "/" for ::1 at 2015-03-20 19:36:04 +0700
  [1m[36mActiveRecord::SchemaMigration Load (0.0ms)[0m  [1mSELECT "schema_migrations".* FROM "schema_migrations"[0m
Processing by PostsController#index as HTML
  [1m[35mPost Load (0.0ms)[0m  SELECT "posts".* FROM "posts"
  Rendered posts/index.html.erb within layouts/application (5.0ms)
Completed 200 OK in 390ms (Views: 374.0ms | ActiveRecord: 0.0ms)


Started GET "/assets/scaffolds-d030fda651ba52bfc1bc64e00234126c.css?body=1" for ::1 at 2015-03-20 19:36:05 +0700


Started GET "/assets/posts-8f6eecd1178ef85964369ec66d33c4f1.js?body=1" for ::1 at 2015-03-20 19:36:05 +0700


Started GET "/assets/application-1a437ea5bc7c6ef8d1e561d702e77ed0.css?body=1" for ::1 at 2015-03-20 19:36:05 +0700


Started GET "/assets/posts-069e88c06b889877799890854d7f4c40.css?body=1" for ::1 at 2015-03-20 19:36:05 +0700


Started GET "/posts/new" for ::1 at 2015-03-20 19:36:52 +0700
Processing by PostsController#new as HTML
  Rendered posts/_form.html.erb (137.0ms)
  Rendered posts/new.html.erb within layouts/application (152.0ms)
Completed 200 OK in 221ms (Views: 215.0ms | ActiveRecord: 0.0ms)


Started POST "/posts" for ::1 at 2015-03-20 19:36:59 +0700
Processing by PostsController#create as HTML
  Parameters: {"utf8"=>"✓", "authenticity_token"=>"PHGB32QXajWr48juQ+qwPXALMaOV649xkKreTxWEoYY6WAQkoNr15/4cN0o0B5ZtbMDgMvNqJA5JsNF35ZRrrQ==", "post"=>{"title"=>"test", "body"=>"bom\r\n"}, "commit"=>"Create Post"}
  [1m[36m (0.0ms)[0m  [1mbegin transaction[0m
  [1m[35mSQL (1.0ms)[0m  INSERT INTO "posts" ("title", "body", "created_at", "updated_at") VALUES (?, ?, ?, ?)  [["title", "test"], ["body", "bom\r\n"], ["created_at", "2015-03-20 12:36:59.123050"], ["updated_at", "2015-03-20 12:36:59.123050"]]
  [1m[36m (89.0ms)[0m  [1mcommit transaction[0m
Redirected to http://localhost:3000/posts/1
Completed 302 Found in 109ms (ActiveRecord: 90.0ms)


Started GET "/posts/1" for ::1 at 2015-03-20 19:36:59 +0700
Processing by PostsController#show as HTML
  Parameters: {"id"=>"1"}
  [1m[35mPost Load (0.0ms)[0m  SELECT  "posts".* FROM "posts" WHERE "posts"."id" = ? LIMIT 1  [["id", 1]]
  Rendered posts/show.html.erb within layouts/application (2.0ms)
Completed 200 OK in 144ms (Views: 96.0ms | ActiveRecord: 0.0ms)


Started GET "/posts/1/edit" for ::1 at 2015-03-20 19:37:05 +0700
Processing by PostsController#edit as HTML
  Parameters: {"id"=>"1"}
  [1m[36mPost Load (0.0ms)[0m  [1mSELECT  "posts".* FROM "posts" WHERE "posts"."id" = ? LIMIT 1[0m  [["id", 1]]
  Rendered posts/_form.html.erb (2.0ms)
  Rendered posts/edit.html.erb within layouts/application (7.0ms)
Completed 200 OK in 73ms (Views: 71.0ms | ActiveRecord: 0.0ms)


Started GET "/posts/1" for ::1 at 2015-03-20 19:37:07 +0700
Processing by PostsController#show as HTML
  Parameters: {"id"=>"1"}
  [1m[35mPost Load (0.0ms)[0m  SELECT  "posts".* FROM "posts" WHERE "posts"."id" = ? LIMIT 1  [["id", 1]]
  Rendered posts/show.html.erb within layouts/application (1.0ms)
Completed 200 OK in 107ms (Views: 104.0ms | ActiveRecord: 0.0ms)


Started GET "/posts" for ::1 at 2015-03-20 19:37:09 +0700
Processing by PostsController#index as HTML
  [1m[36mPost Load (0.0ms)[0m  [1mSELECT "posts".* FROM "posts"[0m
  Rendered posts/index.html.erb within layouts/application (3.0ms)
Completed 200 OK in 83ms (Views: 82.0ms | ActiveRecord: 0.0ms)


Started GET "/posts/new" for ::1 at 2015-03-20 19:54:24 +0700
Processing by PostsController#new as HTML
  Rendered posts/_form.html.erb (2.0ms)
  Rendered posts/new.html.erb within layouts/application (7.0ms)
Completed 200 OK in 81ms (Views: 80.0ms | ActiveRecord: 0.0ms)


Started GET "/posts/new" for 127.0.0.1 at 2015-03-20 20:15:45 +0700
  [1m[36mActiveRecord::SchemaMigration Load (0.0ms)[0m  [1mSELECT "schema_migrations".* FROM "schema_migrations"[0m
Processing by PostsController#new as HTML
  Rendered posts/_form.html.erb (35.0ms)
  Rendered posts/new.html.erb within layouts/application (45.0ms)
Completed 200 OK in 287ms (Views: 266.0ms | ActiveRecord: 1.0ms)


Started GET "/assets/application-442028b8030470c9c3b4c38feee90910.css?body=1" for 127.0.0.1 at 2015-03-20 20:15:45 +0700


Started GET "/assets/blogboostrap-d90dd2e75827e4422cd13a65c61f5580.css?body=1" for 127.0.0.1 at 2015-03-20 20:15:45 +0700


Started GET "/assets/bootstrap" for 127.0.0.1 at 2015-03-20 20:15:46 +0700


Started GET "/assets/bootstrap-responsive" for 127.0.0.1 at 2015-03-20 20:15:46 +0700

ActionController::RoutingError (No route matches [GET] "/assets/bootstrap-responsive"):
  web-console (2.0.0) lib/action_dispatch/debug_exceptions.rb:22:in `middleware_call'
  web-console (2.0.0) lib/action_dispatch/debug_exceptions.rb:13:in `call'
  actionpack (4.2.0) lib/action_dispatch/middleware/show_exceptions.rb:30:in `call'
  railties (4.2.0) lib/rails/rack/logger.rb:38:in `call_app'
  railties (4.2.0) lib/rails/rack/logger.rb:20:in `block in call'
  activesupport (4.2.0) lib/active_support/tagged_logging.rb:68:in `block in tagged'
  activesupport (4.2.0) lib/active_support/tagged_logging.rb:26:in `tagged'
  activesupport (4.2.0) lib/active_support/tagged_logging.rb:68:in `tagged'
  railties (4.2.0) lib/rails/rack/logger.rb:20:in `call'
  actionpack (4.2.0) lib/action_dispatch/middleware/request_id.rb:21:in `call'
  rack (1.6.0) lib/rack/methodoverride.rb:22:in `call'
  rack (1.6.0) lib/rack/runtime.rb:18:in `call'
  activesupport (4.2.0) lib/active_support/cache/strategy/local_cache_middleware.rb:28:in `call'
  rack (1.6.0) lib/rack/lock.rb:17:in `call'
  actionpack (4.2.0) lib/action_dispatch/middleware/static.rb:113:in `call'
  rack (1.6.0) lib/rack/sendfile.rb:113:in `call'
  railties (4.2.0) lib/rails/engine.rb:518:in `call'
  railties (4.2.0) lib/rails/application.rb:164:in `call'
  rack (1.6.0) lib/rack/lock.rb:17:in `call'
  rack (1.6.0) lib/rack/content_length.rb:15:in `call'
  rack (1.6.0) lib/rack/handler/webrick.rb:89:in `service'
  C:/RailsFTW420215/lib/ruby/2.1.0/webrick/httpserver.rb:138:in `service'
  C:/RailsFTW420215/lib/ruby/2.1.0/webrick/httpserver.rb:94:in `run'
  C:/RailsFTW420215/lib/ruby/2.1.0/webrick/server.rb:295:in `block in start_thread'


  Rendered C:/RailsFTW420215/lib/ruby/gems/2.1.0/gems/web-console-2.0.0/lib/action_dispatch/templates/rescues/_trace.html.erb (2.0ms)
  Rendered C:/RailsFTW420215/lib/ruby/gems/2.1.0/gems/web-console-2.0.0/lib/action_dispatch/templates/routes/_route.html.erb (1.0ms)
  Rendered C:/RailsFTW420215/lib/ruby/gems/2.1.0/gems/web-console-2.0.0/lib/action_dispatch/templates/routes/_table.html.erb (4.0ms)
  Rendered C:/RailsFTW420215/lib/ruby/gems/2.1.0/gems/web-console-2.0.0/lib/action_dispatch/templates/rescues/_request_and_response.html.erb (2.0ms)
  Rendered C:/RailsFTW420215/lib/ruby/gems/2.1.0/gems/web-console-2.0.0/lib/action_dispatch/templates/rescues/_web_console.html.erb (1.0ms)
  Rendered C:/RailsFTW420215/lib/ruby/gems/2.1.0/gems/web-console-2.0.0/lib/action_dispatch/templates/rescues/routing_error.html.erb within rescues/layout (85.0ms)


Started GET "/posts/new" for ::1 at 2015-03-20 20:19:03 +0700
Processing by PostsController#new as HTML
  Rendered posts/_form.html.erb (2.0ms)
  Rendered posts/new.html.erb within layouts/application (6.0ms)
Completed 500 Internal Server Error in 1815ms

ActionView::Template::Error (File to import not found or unreadable: bootstrap-responsive.
Load paths:
  D:/repogit/test-ruby/app/assets/images
  D:/repogit/test-ruby/app/assets/javascripts
  D:/repogit/test-ruby/app/assets/stylesheets
  D:/repogit/test-ruby/vendor/assets/javascripts
  D:/repogit/test-ruby/vendor/assets/stylesheets
  C:/RailsFTW420215/lib/ruby/gems/2.1.0/gems/web-console-2.0.0/lib/assets/javascripts
  C:/RailsFTW420215/lib/ruby/gems/2.1.0/gems/turbolinks-2.5.3/lib/assets/javascripts
  C:/RailsFTW420215/lib/ruby/gems/2.1.0/gems/jquery-rails-4.0.3/vendor/assets/javascripts
  C:/RailsFTW420215/lib/ruby/gems/2.1.0/gems/coffee-rails-4.1.0/lib/assets/javascripts
  C:/RailsFTW420215/lib/ruby/gems/2.1.0/gems/bootstrap-sass-3.3.4.1/assets/stylesheets
  C:/RailsFTW420215/lib/ruby/gems/2.1.0/gems/bootstrap-sass-3.3.4.1/assets/javascripts
  C:/RailsFTW420215/lib/ruby/gems/2.1.0/gems/bootstrap-sass-3.3.4.1/assets/fonts
  C:/RailsFTW420215/lib/ruby/gems/2.1.0/gems/bootstrap-sass-3.3.4.1/assets/images
  C:/RailsFTW420215/lib/ruby/gems/2.1.0/gems/bootstrap-sass-3.3.4.1/assets/stylesheets
  (in D:/repogit/test-ruby/app/assets/stylesheets/blogboostrap.css.scss:2)):
    2: <html>
    3: <head>
    4:   <title>TestRuby</title>
    5:   <%= stylesheet_link_tag    'application', media: 'all', 'data-turbolinks-track' => true %>
    6:   <%= javascript_include_tag 'application', 'data-turbolinks-track' => true %>
    7:   <%= csrf_meta_tags %>
    8: </head>
  app/assets/stylesheets/blogboostrap.css.scss:2
  app/views/layouts/application.html.erb:5:in `_app_views_layouts_application_html_erb__793782684_31434696'


  Rendered C:/RailsFTW420215/lib/ruby/gems/2.1.0/gems/web-console-2.0.0/lib/action_dispatch/templates/rescues/_source.erb (4.0ms)
  Rendered C:/RailsFTW420215/lib/ruby/gems/2.1.0/gems/web-console-2.0.0/lib/action_dispatch/templates/rescues/_trace.html.erb (6.0ms)
  Rendered C:/RailsFTW420215/lib/ruby/gems/2.1.0/gems/web-console-2.0.0/lib/action_dispatch/templates/rescues/_request_and_response.html.erb (1.0ms)
  Rendered C:/RailsFTW420215/lib/ruby/gems/2.1.0/gems/web-console-2.0.0/lib/action_dispatch/templates/rescues/_web_console.html.erb (1.0ms)
  Rendered C:/RailsFTW420215/lib/ruby/gems/2.1.0/gems/web-console-2.0.0/lib/action_dispatch/templates/rescues/template_error.html.erb within rescues/layout (52.0ms)


Started GET "/posts" for ::1 at 2015-03-20 20:19:22 +0700
Processing by PostsController#index as HTML
  [1m[35mPost Load (0.0ms)[0m  SELECT "posts".* FROM "posts"
  Rendered posts/index.html.erb within layouts/application (3.0ms)
Completed 500 Internal Server Error in 741ms

ActionView::Template::Error (File to import not found or unreadable: bootstrap-responsive.
Load paths:
  D:/repogit/test-ruby/app/assets/images
  D:/repogit/test-ruby/app/assets/javascripts
  D:/repogit/test-ruby/app/assets/stylesheets
  D:/repogit/test-ruby/vendor/assets/javascripts
  D:/repogit/test-ruby/vendor/assets/stylesheets
  C:/RailsFTW420215/lib/ruby/gems/2.1.0/gems/web-console-2.0.0/lib/assets/javascripts
  C:/RailsFTW420215/lib/ruby/gems/2.1.0/gems/turbolinks-2.5.3/lib/assets/javascripts
  C:/RailsFTW420215/lib/ruby/gems/2.1.0/gems/jquery-rails-4.0.3/vendor/assets/javascripts
  C:/RailsFTW420215/lib/ruby/gems/2.1.0/gems/coffee-rails-4.1.0/lib/assets/javascripts
  C:/RailsFTW420215/lib/ruby/gems/2.1.0/gems/bootstrap-sass-3.3.4.1/assets/stylesheets
  C:/RailsFTW420215/lib/ruby/gems/2.1.0/gems/bootstrap-sass-3.3.4.1/assets/javascripts
  C:/RailsFTW420215/lib/ruby/gems/2.1.0/gems/bootstrap-sass-3.3.4.1/assets/fonts
  C:/RailsFTW420215/lib/ruby/gems/2.1.0/gems/bootstrap-sass-3.3.4.1/assets/images
  C:/RailsFTW420215/lib/ruby/gems/2.1.0/gems/bootstrap-sass-3.3.4.1/assets/stylesheets
  (in D:/repogit/test-ruby/app/assets/stylesheets/blogboostrap.css.scss:2)):
    2: <html>
    3: <head>
    4:   <title>TestRuby</title>
    5:   <%= stylesheet_link_tag    'application', media: 'all', 'data-turbolinks-track' => true %>
    6:   <%= javascript_include_tag 'application', 'data-turbolinks-track' => true %>
    7:   <%= csrf_meta_tags %>
    8: </head>
  app/assets/stylesheets/blogboostrap.css.scss:2
  app/views/layouts/application.html.erb:5:in `_app_views_layouts_application_html_erb__793782684_31434696'


  Rendered C:/RailsFTW420215/lib/ruby/gems/2.1.0/gems/web-console-2.0.0/lib/action_dispatch/templates/rescues/_source.erb (4.0ms)
  Rendered C:/RailsFTW420215/lib/ruby/gems/2.1.0/gems/web-console-2.0.0/lib/action_dispatch/templates/rescues/_trace.html.erb (7.0ms)
  Rendered C:/RailsFTW420215/lib/ruby/gems/2.1.0/gems/web-console-2.0.0/lib/action_dispatch/templates/rescues/_request_and_response.html.erb (1.0ms)
  Rendered C:/RailsFTW420215/lib/ruby/gems/2.1.0/gems/web-console-2.0.0/lib/action_dispatch/templates/rescues/_web_console.html.erb (1.0ms)
  Rendered C:/RailsFTW420215/lib/ruby/gems/2.1.0/gems/web-console-2.0.0/lib/action_dispatch/templates/rescues/template_error.html.erb within rescues/layout (55.0ms)


Started GET "/posts" for ::1 at 2015-03-20 20:19:31 +0700
Processing by PostsController#index as HTML
  [1m[36mPost Load (0.0ms)[0m  [1mSELECT "posts".* FROM "posts"[0m
  Rendered posts/index.html.erb within layouts/application (2.0ms)
Completed 200 OK in 136ms (Views: 135.0ms | ActiveRecord: 0.0ms)


Started GET "/assets/blogboostrap-069e88c06b889877799890854d7f4c40.css?body=1" for ::1 at 2015-03-20 20:19:31 +0700


Started GET "/posts" for ::1 at 2015-03-20 20:20:34 +0700
Processing by PostsController#index as HTML
  [1m[35mPost Load (0.0ms)[0m  SELECT "posts".* FROM "posts"
  Rendered posts/index.html.erb within layouts/application (1.0ms)
Completed 200 OK in 147ms (Views: 146.0ms | ActiveRecord: 0.0ms)


Started GET "/assets/application-90734632b6d3b41b539637120f077163.css?body=1" for ::1 at 2015-03-20 20:20:34 +0700


Started GET "/assets/test-ruby-boostrap-d90dd2e75827e4422cd13a65c61f5580.css?body=1" for ::1 at 2015-03-20 20:20:34 +0700


Started GET "/assets/bootstrap-responsive" for ::1 at 2015-03-20 20:20:34 +0700

ActionController::RoutingError (No route matches [GET] "/assets/bootstrap-responsive"):
  web-console (2.0.0) lib/action_dispatch/debug_exceptions.rb:22:in `middleware_call'
  web-console (2.0.0) lib/action_dispatch/debug_exceptions.rb:13:in `call'
  actionpack (4.2.0) lib/action_dispatch/middleware/show_exceptions.rb:30:in `call'
  railties (4.2.0) lib/rails/rack/logger.rb:38:in `call_app'
  railties (4.2.0) lib/rails/rack/logger.rb:20:in `block in call'
  activesupport (4.2.0) lib/active_support/tagged_logging.rb:68:in `block in tagged'
  activesupport (4.2.0) lib/active_support/tagged_logging.rb:26:in `tagged'
  activesupport (4.2.0) lib/active_support/tagged_logging.rb:68:in `tagged'
  railties (4.2.0) lib/rails/rack/logger.rb:20:in `call'
  actionpack (4.2.0) lib/action_dispatch/middleware/request_id.rb:21:in `call'
  rack (1.6.0) lib/rack/methodoverride.rb:22:in `call'
  rack (1.6.0) lib/rack/runtime.rb:18:in `call'
  activesupport (4.2.0) lib/active_support/cache/strategy/local_cache_middleware.rb:28:in `call'
  rack (1.6.0) lib/rack/lock.rb:17:in `call'
  actionpack (4.2.0) lib/action_dispatch/middleware/static.rb:113:in `call'
  rack (1.6.0) lib/rack/sendfile.rb:113:in `call'
  railties (4.2.0) lib/rails/engine.rb:518:in `call'
  railties (4.2.0) lib/rails/application.rb:164:in `call'
  rack (1.6.0) lib/rack/lock.rb:17:in `call'
  rack (1.6.0) lib/rack/content_length.rb:15:in `call'
  rack (1.6.0) lib/rack/handler/webrick.rb:89:in `service'
  C:/RailsFTW420215/lib/ruby/2.1.0/webrick/httpserver.rb:138:in `service'
  C:/RailsFTW420215/lib/ruby/2.1.0/webrick/httpserver.rb:94:in `run'
  C:/RailsFTW420215/lib/ruby/2.1.0/webrick/server.rb:295:in `block in start_thread'


  Rendered C:/RailsFTW420215/lib/ruby/gems/2.1.0/gems/web-console-2.0.0/lib/action_dispatch/templates/rescues/_trace.html.erb (1.0ms)
  Rendered C:/RailsFTW420215/lib/ruby/gems/2.1.0/gems/web-console-2.0.0/lib/action_dispatch/templates/routes/_route.html.erb (1.0ms)
  Rendered C:/RailsFTW420215/lib/ruby/gems/2.1.0/gems/web-console-2.0.0/lib/action_dispatch/templates/routes/_table.html.erb (1.0ms)
  Rendered C:/RailsFTW420215/lib/ruby/gems/2.1.0/gems/web-console-2.0.0/lib/action_dispatch/templates/rescues/_request_and_response.html.erb (2.0ms)
  Rendered C:/RailsFTW420215/lib/ruby/gems/2.1.0/gems/web-console-2.0.0/lib/action_dispatch/templates/rescues/_web_console.html.erb (1.0ms)
  Rendered C:/RailsFTW420215/lib/ruby/gems/2.1.0/gems/web-console-2.0.0/lib/action_dispatch/templates/rescues/routing_error.html.erb within rescues/layout (60.0ms)


Started GET "/assets/bootstrap" for ::1 at 2015-03-20 20:20:34 +0700


Started GET "/posts" for ::1 at 2015-03-20 20:20:39 +0700
Processing by PostsController#index as HTML
  [1m[36mPost Load (1.0ms)[0m  [1mSELECT "posts".* FROM "posts"[0m
  Rendered posts/index.html.erb within layouts/application (2.0ms)
Completed 200 OK in 121ms (Views: 119.0ms | ActiveRecord: 1.0ms)


Started GET "/assets/blogboostrap-069e88c06b889877799890854d7f4c40.css?body=1" for ::1 at 2015-03-20 20:20:40 +0700


Started GET "/assets/scaffolds-d030fda651ba52bfc1bc64e00234126c.css?body=1" for ::1 at 2015-03-20 20:20:40 +0700


Started GET "/assets/product-069e88c06b889877799890854d7f4c40.css?body=1" for ::1 at 2015-03-20 20:20:40 +0700


Started GET "/assets/test-ruby-boostrap-d90dd2e75827e4422cd13a65c61f5580.css?body=1" for ::1 at 2015-03-20 20:20:40 +0700


Started GET "/assets/posts-069e88c06b889877799890854d7f4c40.css?body=1" for ::1 at 2015-03-20 20:20:40 +0700


Started GET "/assets/jquery-eb3e278249152b5b5d5170b73d9dbf52.js?body=1" for ::1 at 2015-03-20 20:20:40 +0700


Started GET "/assets/application-90734632b6d3b41b539637120f077163.css?body=1" for ::1 at 2015-03-20 20:20:40 +0700


Started GET "/assets/jquery_ujs-0b8f09cf5aec4ba1be1abd9f915c77e2.js?body=1" for ::1 at 2015-03-20 20:20:40 +0700


Started GET "/assets/turbolinks-924184401b7d116eadaaefc96895fa84.js?body=1" for ::1 at 2015-03-20 20:20:40 +0700


Started GET "/assets/posts-8f6eecd1178ef85964369ec66d33c4f1.js?body=1" for ::1 at 2015-03-20 20:20:40 +0700


Started GET "/assets/bootstrap" for ::1 at 2015-03-20 20:20:40 +0700


Started GET "/assets/product-8f6eecd1178ef85964369ec66d33c4f1.js?body=1" for ::1 at 2015-03-20 20:20:40 +0700


Started GET "/assets/bootstrap-responsive" for ::1 at 2015-03-20 20:20:40 +0700

ActionController::RoutingError (No route matches [GET] "/assets/bootstrap-responsive"):
  web-console (2.0.0) lib/action_dispatch/debug_exceptions.rb:22:in `middleware_call'
  web-console (2.0.0) lib/action_dispatch/debug_exceptions.rb:13:in `call'
  actionpack (4.2.0) lib/action_dispatch/middleware/show_exceptions.rb:30:in `call'
  railties (4.2.0) lib/rails/rack/logger.rb:38:in `call_app'
  railties (4.2.0) lib/rails/rack/logger.rb:20:in `block in call'
  activesupport (4.2.0) lib/active_support/tagged_logging.rb:68:in `block in tagged'
  activesupport (4.2.0) lib/active_support/tagged_logging.rb:26:in `tagged'
  activesupport (4.2.0) lib/active_support/tagged_logging.rb:68:in `tagged'
  railties (4.2.0) lib/rails/rack/logger.rb:20:in `call'
  actionpack (4.2.0) lib/action_dispatch/middleware/request_id.rb:21:in `call'
  rack (1.6.0) lib/rack/methodoverride.rb:22:in `call'
  rack (1.6.0) lib/rack/runtime.rb:18:in `call'
  activesupport (4.2.0) lib/active_support/cache/strategy/local_cache_middleware.rb:28:in `call'
  rack (1.6.0) lib/rack/lock.rb:17:in `call'
  actionpack (4.2.0) lib/action_dispatch/middleware/static.rb:113:in `call'
  rack (1.6.0) lib/rack/sendfile.rb:113:in `call'
  railties (4.2.0) lib/rails/engine.rb:518:in `call'
  railties (4.2.0) lib/rails/application.rb:164:in `call'
  rack (1.6.0) lib/rack/lock.rb:17:in `call'
  rack (1.6.0) lib/rack/content_length.rb:15:in `call'
  rack (1.6.0) lib/rack/handler/webrick.rb:89:in `service'
  C:/RailsFTW420215/lib/ruby/2.1.0/webrick/httpserver.rb:138:in `service'
  C:/RailsFTW420215/lib/ruby/2.1.0/webrick/httpserver.rb:94:in `run'
  C:/RailsFTW420215/lib/ruby/2.1.0/webrick/server.rb:295:in `block in start_thread'


  Rendered C:/RailsFTW420215/lib/ruby/gems/2.1.0/gems/web-console-2.0.0/lib/action_dispatch/templates/rescues/_trace.html.erb (2.0ms)
  Rendered C:/RailsFTW420215/lib/ruby/gems/2.1.0/gems/web-console-2.0.0/lib/action_dispatch/templates/routes/_route.html.erb (1.0ms)
  Rendered C:/RailsFTW420215/lib/ruby/gems/2.1.0/gems/web-console-2.0.0/lib/action_dispatch/templates/routes/_table.html.erb (2.0ms)
  Rendered C:/RailsFTW420215/lib/ruby/gems/2.1.0/gems/web-console-2.0.0/lib/action_dispatch/templates/rescues/_request_and_response.html.erb (2.0ms)
  Rendered C:/RailsFTW420215/lib/ruby/gems/2.1.0/gems/web-console-2.0.0/lib/action_dispatch/templates/rescues/_web_console.html.erb (1.0ms)
  Rendered C:/RailsFTW420215/lib/ruby/gems/2.1.0/gems/web-console-2.0.0/lib/action_dispatch/templates/rescues/routing_error.html.erb within rescues/layout (62.0ms)


Started GET "/assets/application-18f10afd70767e0049304380ce89b979.js?body=1" for ::1 at 2015-03-20 20:20:40 +0700


Started GET "/posts" for ::1 at 2015-03-20 20:23:18 +0700
Processing by PostsController#index as HTML
  [1m[35mPost Load (0.0ms)[0m  SELECT "posts".* FROM "posts"
  Rendered posts/index.html.erb within layouts/application (2.0ms)
Completed 200 OK in 121ms (Views: 120.0ms | ActiveRecord: 0.0ms)


Started GET "/assets/bootstrap" for ::1 at 2015-03-20 20:23:18 +0700


Started GET "/assets/bootstrap-responsive" for ::1 at 2015-03-20 20:23:18 +0700

ActionController::RoutingError (No route matches [GET] "/assets/bootstrap-responsive"):
  web-console (2.0.0) lib/action_dispatch/debug_exceptions.rb:22:in `middleware_call'
  web-console (2.0.0) lib/action_dispatch/debug_exceptions.rb:13:in `call'
  actionpack (4.2.0) lib/action_dispatch/middleware/show_exceptions.rb:30:in `call'
  railties (4.2.0) lib/rails/rack/logger.rb:38:in `call_app'
  railties (4.2.0) lib/rails/rack/logger.rb:20:in `block in call'
  activesupport (4.2.0) lib/active_support/tagged_logging.rb:68:in `block in tagged'
  activesupport (4.2.0) lib/active_support/tagged_logging.rb:26:in `tagged'
  activesupport (4.2.0) lib/active_support/tagged_logging.rb:68:in `tagged'
  railties (4.2.0) lib/rails/rack/logger.rb:20:in `call'
  actionpack (4.2.0) lib/action_dispatch/middleware/request_id.rb:21:in `call'
  rack (1.6.0) lib/rack/methodoverride.rb:22:in `call'
  rack (1.6.0) lib/rack/runtime.rb:18:in `call'
  activesupport (4.2.0) lib/active_support/cache/strategy/local_cache_middleware.rb:28:in `call'
  rack (1.6.0) lib/rack/lock.rb:17:in `call'
  actionpack (4.2.0) lib/action_dispatch/middleware/static.rb:113:in `call'
  rack (1.6.0) lib/rack/sendfile.rb:113:in `call'
  railties (4.2.0) lib/rails/engine.rb:518:in `call'
  railties (4.2.0) lib/rails/application.rb:164:in `call'
  rack (1.6.0) lib/rack/lock.rb:17:in `call'
  rack (1.6.0) lib/rack/content_length.rb:15:in `call'
  rack (1.6.0) lib/rack/handler/webrick.rb:89:in `service'
  C:/RailsFTW420215/lib/ruby/2.1.0/webrick/httpserver.rb:138:in `service'
  C:/RailsFTW420215/lib/ruby/2.1.0/webrick/httpserver.rb:94:in `run'
  C:/RailsFTW420215/lib/ruby/2.1.0/webrick/server.rb:295:in `block in start_thread'


  Rendered C:/RailsFTW420215/lib/ruby/gems/2.1.0/gems/web-console-2.0.0/lib/action_dispatch/templates/rescues/_trace.html.erb (1.0ms)
  Rendered C:/RailsFTW420215/lib/ruby/gems/2.1.0/gems/web-console-2.0.0/lib/action_dispatch/templates/routes/_route.html.erb (1.0ms)
  Rendered C:/RailsFTW420215/lib/ruby/gems/2.1.0/gems/web-console-2.0.0/lib/action_dispatch/templates/routes/_table.html.erb (1.0ms)
  Rendered C:/RailsFTW420215/lib/ruby/gems/2.1.0/gems/web-console-2.0.0/lib/action_dispatch/templates/rescues/_request_and_response.html.erb (1.0ms)
  Rendered C:/RailsFTW420215/lib/ruby/gems/2.1.0/gems/web-console-2.0.0/lib/action_dispatch/templates/rescues/_web_console.html.erb (1.0ms)
  Rendered C:/RailsFTW420215/lib/ruby/gems/2.1.0/gems/web-console-2.0.0/lib/action_dispatch/templates/rescues/routing_error.html.erb within rescues/layout (65.0ms)


Started GET "/posts" for ::1 at 2015-03-20 20:23:23 +0700
Processing by PostsController#index as HTML
  [1m[36mPost Load (0.0ms)[0m  [1mSELECT "posts".* FROM "posts"[0m
  Rendered posts/index.html.erb within layouts/application (2.0ms)
Completed 200 OK in 110ms (Views: 110.0ms | ActiveRecord: 0.0ms)


Started GET "/assets/bootstrap-responsive" for ::1 at 2015-03-20 20:23:23 +0700

ActionController::RoutingError (No route matches [GET] "/assets/bootstrap-responsive"):
  web-console (2.0.0) lib/action_dispatch/debug_exceptions.rb:22:in `middleware_call'
  web-console (2.0.0) lib/action_dispatch/debug_exceptions.rb:13:in `call'
  actionpack (4.2.0) lib/action_dispatch/middleware/show_exceptions.rb:30:in `call'
  railties (4.2.0) lib/rails/rack/logger.rb:38:in `call_app'
  railties (4.2.0) lib/rails/rack/logger.rb:20:in `block in call'
  activesupport (4.2.0) lib/active_support/tagged_logging.rb:68:in `block in tagged'
  activesupport (4.2.0) lib/active_support/tagged_logging.rb:26:in `tagged'
  activesupport (4.2.0) lib/active_support/tagged_logging.rb:68:in `tagged'
  railties (4.2.0) lib/rails/rack/logger.rb:20:in `call'
  actionpack (4.2.0) lib/action_dispatch/middleware/request_id.rb:21:in `call'
  rack (1.6.0) lib/rack/methodoverride.rb:22:in `call'
  rack (1.6.0) lib/rack/runtime.rb:18:in `call'
  activesupport (4.2.0) lib/active_support/cache/strategy/local_cache_middleware.rb:28:in `call'
  rack (1.6.0) lib/rack/lock.rb:17:in `call'
  actionpack (4.2.0) lib/action_dispatch/middleware/static.rb:113:in `call'
  rack (1.6.0) lib/rack/sendfile.rb:113:in `call'
  railties (4.2.0) lib/rails/engine.rb:518:in `call'
  railties (4.2.0) lib/rails/application.rb:164:in `call'
  rack (1.6.0) lib/rack/lock.rb:17:in `call'
  rack (1.6.0) lib/rack/content_length.rb:15:in `call'
  rack (1.6.0) lib/rack/handler/webrick.rb:89:in `service'
  C:/RailsFTW420215/lib/ruby/2.1.0/webrick/httpserver.rb:138:in `service'
  C:/RailsFTW420215/lib/ruby/2.1.0/webrick/httpserver.rb:94:in `run'
  C:/RailsFTW420215/lib/ruby/2.1.0/webrick/server.rb:295:in `block in start_thread'


  Rendered C:/RailsFTW420215/lib/ruby/gems/2.1.0/gems/web-console-2.0.0/lib/action_dispatch/templates/rescues/_trace.html.erb (2.0ms)
  Rendered C:/RailsFTW420215/lib/ruby/gems/2.1.0/gems/web-console-2.0.0/lib/action_dispatch/templates/routes/_route.html.erb (1.0ms)
  Rendered C:/RailsFTW420215/lib/ruby/gems/2.1.0/gems/web-console-2.0.0/lib/action_dispatch/templates/routes/_table.html.erb (1.0ms)
  Rendered C:/RailsFTW420215/lib/ruby/gems/2.1.0/gems/web-console-2.0.0/lib/action_dispatch/templates/rescues/_request_and_response.html.erb (2.0ms)
  Rendered C:/RailsFTW420215/lib/ruby/gems/2.1.0/gems/web-console-2.0.0/lib/action_dispatch/templates/rescues/_web_console.html.erb (1.0ms)
  Rendered C:/RailsFTW420215/lib/ruby/gems/2.1.0/gems/web-console-2.0.0/lib/action_dispatch/templates/rescues/routing_error.html.erb within rescues/layout (59.0ms)


Started GET "/assets/bootstrap" for ::1 at 2015-03-20 20:23:23 +0700


Started GET "/posts" for ::1 at 2015-03-20 20:23:44 +0700
Processing by PostsController#index as HTML
  [1m[35mPost Load (0.0ms)[0m  SELECT "posts".* FROM "posts"
  Rendered posts/index.html.erb within layouts/application (1.0ms)
Completed 200 OK in 118ms (Views: 118.0ms | ActiveRecord: 0.0ms)


Started GET "/assets/bootstrap-responsive" for ::1 at 2015-03-20 20:23:44 +0700

ActionController::RoutingError (No route matches [GET] "/assets/bootstrap-responsive"):
  web-console (2.0.0) lib/action_dispatch/debug_exceptions.rb:22:in `middleware_call'
  web-console (2.0.0) lib/action_dispatch/debug_exceptions.rb:13:in `call'
  actionpack (4.2.0) lib/action_dispatch/middleware/show_exceptions.rb:30:in `call'
  railties (4.2.0) lib/rails/rack/logger.rb:38:in `call_app'
  railties (4.2.0) lib/rails/rack/logger.rb:20:in `block in call'
  activesupport (4.2.0) lib/active_support/tagged_logging.rb:68:in `block in tagged'
  activesupport (4.2.0) lib/active_support/tagged_logging.rb:26:in `tagged'
  activesupport (4.2.0) lib/active_support/tagged_logging.rb:68:in `tagged'
  railties (4.2.0) lib/rails/rack/logger.rb:20:in `call'
  actionpack (4.2.0) lib/action_dispatch/middleware/request_id.rb:21:in `call'
  rack (1.6.0) lib/rack/methodoverride.rb:22:in `call'
  rack (1.6.0) lib/rack/runtime.rb:18:in `call'
  activesupport (4.2.0) lib/active_support/cache/strategy/local_cache_middleware.rb:28:in `call'
  rack (1.6.0) lib/rack/lock.rb:17:in `call'
  actionpack (4.2.0) lib/action_dispatch/middleware/static.rb:113:in `call'
  rack (1.6.0) lib/rack/sendfile.rb:113:in `call'
  railties (4.2.0) lib/rails/engine.rb:518:in `call'
  railties (4.2.0) lib/rails/application.rb:164:in `call'
  rack (1.6.0) lib/rack/lock.rb:17:in `call'
  rack (1.6.0) lib/rack/content_length.rb:15:in `call'
  rack (1.6.0) lib/rack/handler/webrick.rb:89:in `service'
  C:/RailsFTW420215/lib/ruby/2.1.0/webrick/httpserver.rb:138:in `service'
  C:/RailsFTW420215/lib/ruby/2.1.0/webrick/httpserver.rb:94:in `run'
  C:/RailsFTW420215/lib/ruby/2.1.0/webrick/server.rb:295:in `block in start_thread'


  Rendered C:/RailsFTW420215/lib/ruby/gems/2.1.0/gems/web-console-2.0.0/lib/action_dispatch/templates/rescues/_trace.html.erb (2.0ms)
  Rendered C:/RailsFTW420215/lib/ruby/gems/2.1.0/gems/web-console-2.0.0/lib/action_dispatch/templates/routes/_route.html.erb (1.0ms)
  Rendered C:/RailsFTW420215/lib/ruby/gems/2.1.0/gems/web-console-2.0.0/lib/action_dispatch/templates/routes/_table.html.erb (1.0ms)
  Rendered C:/RailsFTW420215/lib/ruby/gems/2.1.0/gems/web-console-2.0.0/lib/action_dispatch/templates/rescues/_request_and_response.html.erb (1.0ms)
  Rendered C:/RailsFTW420215/lib/ruby/gems/2.1.0/gems/web-console-2.0.0/lib/action_dispatch/templates/rescues/_web_console.html.erb (1.0ms)
  Rendered C:/RailsFTW420215/lib/ruby/gems/2.1.0/gems/web-console-2.0.0/lib/action_dispatch/templates/rescues/routing_error.html.erb within rescues/layout (60.0ms)


Started GET "/assets/bootstrap" for ::1 at 2015-03-20 20:23:44 +0700


Started GET "/posts" for ::1 at 2015-03-20 20:24:26 +0700
Processing by PostsController#index as HTML
  [1m[36mPost Load (0.0ms)[0m  [1mSELECT "posts".* FROM "posts"[0m
  Rendered posts/index.html.erb within layouts/application (2.0ms)
Completed 200 OK in 118ms (Views: 117.0ms | ActiveRecord: 0.0ms)


Started GET "/assets/bootstrap" for ::1 at 2015-03-20 20:24:26 +0700


Started GET "/assets/application-624daf64a7f9e63e8ad646c89e450cde.css?body=1" for ::1 at 2015-03-20 20:24:26 +0700


Started GET "/assets/bootstrap-responsive" for ::1 at 2015-03-20 20:24:26 +0700

ActionController::RoutingError (No route matches [GET] "/assets/bootstrap-responsive"):
  web-console (2.0.0) lib/action_dispatch/debug_exceptions.rb:22:in `middleware_call'
  web-console (2.0.0) lib/action_dispatch/debug_exceptions.rb:13:in `call'
  actionpack (4.2.0) lib/action_dispatch/middleware/show_exceptions.rb:30:in `call'
  railties (4.2.0) lib/rails/rack/logger.rb:38:in `call_app'
  railties (4.2.0) lib/rails/rack/logger.rb:20:in `block in call'
  activesupport (4.2.0) lib/active_support/tagged_logging.rb:68:in `block in tagged'
  activesupport (4.2.0) lib/active_support/tagged_logging.rb:26:in `tagged'
  activesupport (4.2.0) lib/active_support/tagged_logging.rb:68:in `tagged'
  railties (4.2.0) lib/rails/rack/logger.rb:20:in `call'
  actionpack (4.2.0) lib/action_dispatch/middleware/request_id.rb:21:in `call'
  rack (1.6.0) lib/rack/methodoverride.rb:22:in `call'
  rack (1.6.0) lib/rack/runtime.rb:18:in `call'
  activesupport (4.2.0) lib/active_support/cache/strategy/local_cache_middleware.rb:28:in `call'
  rack (1.6.0) lib/rack/lock.rb:17:in `call'
  actionpack (4.2.0) lib/action_dispatch/middleware/static.rb:113:in `call'
  rack (1.6.0) lib/rack/sendfile.rb:113:in `call'
  railties (4.2.0) lib/rails/engine.rb:518:in `call'
  railties (4.2.0) lib/rails/application.rb:164:in `call'
  rack (1.6.0) lib/rack/lock.rb:17:in `call'
  rack (1.6.0) lib/rack/content_length.rb:15:in `call'
  rack (1.6.0) lib/rack/handler/webrick.rb:89:in `service'
  C:/RailsFTW420215/lib/ruby/2.1.0/webrick/httpserver.rb:138:in `service'
  C:/RailsFTW420215/lib/ruby/2.1.0/webrick/httpserver.rb:94:in `run'
  C:/RailsFTW420215/lib/ruby/2.1.0/webrick/server.rb:295:in `block in start_thread'


  Rendered C:/RailsFTW420215/lib/ruby/gems/2.1.0/gems/web-console-2.0.0/lib/action_dispatch/templates/rescues/_trace.html.erb (2.0ms)
  Rendered C:/RailsFTW420215/lib/ruby/gems/2.1.0/gems/web-console-2.0.0/lib/action_dispatch/templates/routes/_route.html.erb (1.0ms)
  Rendered C:/RailsFTW420215/lib/ruby/gems/2.1.0/gems/web-console-2.0.0/lib/action_dispatch/templates/routes/_table.html.erb (1.0ms)
  Rendered C:/RailsFTW420215/lib/ruby/gems/2.1.0/gems/web-console-2.0.0/lib/action_dispatch/templates/rescues/_request_and_response.html.erb (2.0ms)
  Rendered C:/RailsFTW420215/lib/ruby/gems/2.1.0/gems/web-console-2.0.0/lib/action_dispatch/templates/rescues/_web_console.html.erb (1.0ms)
  Rendered C:/RailsFTW420215/lib/ruby/gems/2.1.0/gems/web-console-2.0.0/lib/action_dispatch/templates/rescues/routing_error.html.erb within rescues/layout (60.0ms)
